
10월 21, 2021 14:46:54.752 NEW SESSION
10월 21, 2021 14:46:54.752 [6052:9256:1021/144654.749:ERROR:chrome_browser_main_extra_parts_metrics.cc(228)] crbug.com/1216328: Checking Bluetooth availability started. Please report if there is no report that this ends.
10월 21, 2021 14:46:54.752 [6052:9256:1021/144654.749:ERROR:chrome_browser_main_extra_parts_metrics.cc(231)] crbug.com/1216328: Checking Bluetooth availability ended.
10월 21, 2021 14:46:54.753 [6052:9256:1021/144654.749:ERROR:chrome_browser_main_extra_parts_metrics.cc(234)] crbug.com/1216328: Checking default browser status started. Please report if there is no report that this ends.
10월 21, 2021 14:46:54.757 [6052:9256:1021/144654.757:ERROR:chrome_browser_main_extra_parts_metrics.cc(238)] crbug.com/1216328: Checking default browser status ended.
10월 21, 2021 14:46:54.762 [6052:12116:1021/144654.758:ERROR:device_event_log_impl.cc(214)] [14:46:54.757] Bluetooth: bluetooth_adapter_winrt.cc:1073 Getting Default Adapter failed.
10월 21, 2021 14:56:15.641 [3992:3304:1021/145615.640:ERROR:chrome_browser_main_extra_parts_metrics.cc(228)] crbug.com/1216328: Checking Bluetooth availability started. Please report if there is no report that this ends.
10월 21, 2021 14:56:15.641 [3992:3304:1021/145615.641:ERROR:chrome_browser_main_extra_parts_metrics.cc(231)] crbug.com/1216328: Checking Bluetooth availability ended.
10월 21, 2021 14:56:15.642 [3992:3304:1021/145615.641:ERROR:chrome_browser_main_extra_parts_metrics.cc(234)] crbug.com/1216328: Checking default browser status started. Please report if there is no report that this ends.
10월 21, 2021 14:56:15.646 [3992:3304:1021/145615.646:ERROR:chrome_browser_main_extra_parts_metrics.cc(238)] crbug.com/1216328: Checking default browser status ended.
10월 21, 2021 14:56:15.648 [3992:11928:1021/145615.648:ERROR:device_event_log_impl.cc(214)] [14:56:15.649] Bluetooth: bluetooth_adapter_winrt.cc:1073 Getting Default Adapter failed.
10월 21, 2021 14:59:51.631 [8476:7288:1021/145951.630:ERROR:chrome_browser_main_extra_parts_metrics.cc(228)] crbug.com/1216328: Checking Bluetooth availability started. Please report if there is no report that this ends.
10월 21, 2021 14:59:51.631 [8476:7288:1021/145951.630:ERROR:chrome_browser_main_extra_parts_metrics.cc(231)] crbug.com/1216328: Checking Bluetooth availability ended.
10월 21, 2021 14:59:51.631 [8476:7288:1021/145951.630:ERROR:chrome_browser_main_extra_parts_metrics.cc(234)] crbug.com/1216328: Checking default browser status started. Please report if there is no report that this ends.
10월 21, 2021 14:59:51.634 [8476:7288:1021/145951.634:ERROR:chrome_browser_main_extra_parts_metrics.cc(238)] crbug.com/1216328: Checking default browser status ended.
10월 21, 2021 14:59:51.636 [8476:5848:1021/145951.636:ERROR:device_event_log_impl.cc(214)] [14:59:51.636] Bluetooth: bluetooth_adapter_winrt.cc:1073 Getting Default Adapter failed.
10월 21, 2021 15:02:22.739 [13220:1656:1021/150222.738:ERROR:chrome_browser_main_extra_parts_metrics.cc(228)] crbug.com/1216328: Checking Bluetooth availability started. Please report if there is no report that this ends.
10월 21, 2021 15:02:22.746 [13220:1656:1021/150222.745:ERROR:chrome_browser_main_extra_parts_metrics.cc(231)] crbug.com/1216328: Checking Bluetooth availability ended.
10월 21, 2021 15:02:22.749 [13220:1656:1021/150222.749:ERROR:chrome_browser_main_extra_parts_metrics.cc(234)] crbug.com/1216328: Checking default browser status started. Please report if there is no report that this ends.
10월 21, 2021 15:02:22.751 [13220:1656:1021/150222.750:ERROR:chrome_browser_main_extra_parts_metrics.cc(238)] crbug.com/1216328: Checking default browser status ended.
10월 21, 2021 15:02:22.753 [13220:12656:1021/150222.753:ERROR:device_event_log_impl.cc(214)] [15:02:22.752] Bluetooth: bluetooth_adapter_winrt.cc:1073 Getting Default Adapter failed.
10월 21, 2021 15:07:12.298 [9852:12972:1021/150712.298:ERROR:chrome_browser_main_extra_parts_metrics.cc(228)] crbug.com/1216328: Checking Bluetooth availability started. Please report if there is no report that this ends.
10월 21, 2021 15:07:12.299 [9852:12972:1021/150712.298:ERROR:chrome_browser_main_extra_parts_metrics.cc(231)] crbug.com/1216328: Checking Bluetooth availability ended.
10월 21, 2021 15:07:12.300 [9852:12972:1021/150712.298:ERROR:chrome_browser_main_extra_parts_metrics.cc(234)] crbug.com/1216328: Checking default browser status started. Please report if there is no report that this ends.
10월 21, 2021 15:07:12.308 [9852:12972:1021/150712.308:ERROR:chrome_browser_main_extra_parts_metrics.cc(238)] crbug.com/1216328: Checking default browser status ended.
10월 21, 2021 15:07:12.309 [9852:9720:1021/150712.309:ERROR:device_event_log_impl.cc(214)] [15:07:12.309] Bluetooth: bluetooth_adapter_winrt.cc:1073 Getting Default Adapter failed.
10월 21, 2021 15:36:49.688 [10824:5908:1021/153649.687:ERROR:chrome_browser_main_extra_parts_metrics.cc(228)] crbug.com/1216328: Checking Bluetooth availability started. Please report if there is no report that this ends.
10월 21, 2021 15:36:49.689 [10824:5908:1021/153649.688:ERROR:chrome_browser_main_extra_parts_metrics.cc(231)] crbug.com/1216328: Checking Bluetooth availability ended.
10월 21, 2021 15:36:49.689 [10824:5908:1021/153649.689:ERROR:chrome_browser_main_extra_parts_metrics.cc(234)] crbug.com/1216328: Checking default browser status started. Please report if there is no report that this ends.
10월 21, 2021 15:36:49.696 [10824:5908:1021/153649.696:ERROR:chrome_browser_main_extra_parts_metrics.cc(238)] crbug.com/1216328: Checking default browser status ended.
10월 21, 2021 15:36:49.697 [10824:7128:1021/153649.697:ERROR:device_event_log_impl.cc(214)] [15:36:49.696] Bluetooth: bluetooth_adapter_winrt.cc:1073 Getting Default Adapter failed.
10월 21, 2021 15:42:11.935 [12380:5956:1021/154211.935:ERROR:chrome_browser_main_extra_parts_metrics.cc(228)] crbug.com/1216328: Checking Bluetooth availability started. Please report if there is no report that this ends.
10월 21, 2021 15:42:11.936 [12380:5956:1021/154211.935:ERROR:chrome_browser_main_extra_parts_metrics.cc(231)] crbug.com/1216328: Checking Bluetooth availability ended.
10월 21, 2021 15:42:11.936 [12380:5956:1021/154211.935:ERROR:chrome_browser_main_extra_parts_metrics.cc(234)] crbug.com/1216328: Checking default browser status started. Please report if there is no report that this ends.
10월 21, 2021 15:42:11.936 [12380:10956:1021/154211.935:ERROR:device_event_log_impl.cc(214)] [15:42:11.935] USB: usb_device_handle_win.cc:1048 Failed to read descriptor from node connection: 시스템에 부착된 장치가 작동하지 않습니다. (0x1F)
10월 21, 2021 15:42:11.938 [12380:5956:1021/154211.938:ERROR:chrome_browser_main_extra_parts_metrics.cc(238)] crbug.com/1216328: Checking default browser status ended.
10월 21, 2021 15:42:11.942 [12380:10956:1021/154211.942:ERROR:device_event_log_impl.cc(214)] [15:42:11.941] Bluetooth: bluetooth_adapter_winrt.cc:1073 Getting Default Adapter failed.
10월 21, 2021 15:48:55.986 [1972:5472:1021/154855.985:ERROR:chrome_browser_main_extra_parts_metrics.cc(228)] crbug.com/1216328: Checking Bluetooth availability started. Please report if there is no report that this ends.
10월 21, 2021 15:48:55.987 [1972:5472:1021/154855.985:ERROR:chrome_browser_main_extra_parts_metrics.cc(231)] crbug.com/1216328: Checking Bluetooth availability ended.
10월 21, 2021 15:48:55.987 [1972:5472:1021/154855.985:ERROR:chrome_browser_main_extra_parts_metrics.cc(234)] crbug.com/1216328: Checking default browser status started. Please report if there is no report that this ends.
10월 21, 2021 15:48:55.989 [1972:5472:1021/154855.989:ERROR:chrome_browser_main_extra_parts_metrics.cc(238)] crbug.com/1216328: Checking default browser status ended.
10월 21, 2021 15:48:55.993 [1972:12552:1021/154855.993:ERROR:device_event_log_impl.cc(214)] [15:48:55.993] Bluetooth: bluetooth_adapter_winrt.cc:1073 Getting Default Adapter failed.
10월 21, 2021 15:59:06.154 [5076:1604:1021/155906.154:ERROR:chrome_browser_main_extra_parts_metrics.cc(228)] crbug.com/1216328: Checking Bluetooth availability started. Please report if there is no report that this ends.
10월 21, 2021 15:59:06.155 [5076:1604:1021/155906.154:ERROR:chrome_browser_main_extra_parts_metrics.cc(231)] crbug.com/1216328: Checking Bluetooth availability ended.
10월 21, 2021 15:59:06.155 [5076:1604:1021/155906.154:ERROR:chrome_browser_main_extra_parts_metrics.cc(234)] crbug.com/1216328: Checking default browser status started. Please report if there is no report that this ends.
10월 21, 2021 15:59:06.158 [5076:1604:1021/155906.158:ERROR:chrome_browser_main_extra_parts_metrics.cc(238)] crbug.com/1216328: Checking default browser status ended.
10월 21, 2021 15:59:06.167 [5076:4424:1021/155906.167:ERROR:device_event_log_impl.cc(214)] [15:59:06.166] Bluetooth: bluetooth_adapter_winrt.cc:1073 Getting Default Adapter failed.
10월 21, 2021 16:06:32.711 [6936:12972:1021/160632.710:ERROR:chrome_browser_main_extra_parts_metrics.cc(228)] crbug.com/1216328: Checking Bluetooth availability started. Please report if there is no report that this ends.
10월 21, 2021 16:06:32.711 [6936:12972:1021/160632.710:ERROR:chrome_browser_main_extra_parts_metrics.cc(231)] crbug.com/1216328: Checking Bluetooth availability ended.
10월 21, 2021 16:06:32.712 [6936:12972:1021/160632.711:ERROR:chrome_browser_main_extra_parts_metrics.cc(234)] crbug.com/1216328: Checking default browser status started. Please report if there is no report that this ends.
10월 21, 2021 16:06:32.716 [6936:12972:1021/160632.716:ERROR:chrome_browser_main_extra_parts_metrics.cc(238)] crbug.com/1216328: Checking default browser status ended.
10월 21, 2021 16:06:32.720 [6936:10696:1021/160632.720:ERROR:device_event_log_impl.cc(214)] [16:06:32.719] Bluetooth: bluetooth_adapter_winrt.cc:1073 Getting Default Adapter failed.
